This file contains any messages produced by compilers while
running configure, to aid debugging if configure makes a mistake.

It was created by socketcand configure 0.3.1, which was
generated by GNU Autoconf 2.69.  Invocation command line was

  $ ./configure 

## --------- ##
## Platform. ##
## --------- ##

hostname = debian-armel
uname -m = armv5tejl
uname -r = 2.6.32-5-versatile
uname -s = Linux
uname -v = #1 Wed Sep 25 00:01:55 UTC 2013

/usr/bin/uname -p = unknown
/bin/uname -X     = unknown

/bin/arch              = unknown
/usr/bin/arch -k       = unknown
/usr/convex/getsysinfo = unknown
/usr/bin/hostinfo      = unknown
/bin/machine           = unknown
/usr/bin/oslevel       = unknown
/bin/universe          = unknown

PATH: /usr/local/sbin
PATH: /usr/local/bin
PATH: /usr/sbin
PATH: /usr/bin
PATH: /sbin
PATH: /bin


## ----------- ##
## Core tests. ##
## ----------- ##

configure:2259: checking for gcc
configure:2275: found /usr/bin/gcc
configure:2286: result: gcc
configure:2515: checking for C compiler version
configure:2524: gcc --version >&5
gcc (Debian 4.4.5-8) 4.4.5
Copyright (C) 2010 Free Software Foundation, Inc.
This is free software; see the source for copying conditions.  There is NO
warranty; not even for MERCHANTABILITY or FITNESS FOR A PARTICULAR PURPOSE.

configure:2535: $? = 0
configure:2524: gcc -v >&5
Using built-in specs.
Target: arm-linux-gnueabi
Configured with: ../src/configure -v --with-pkgversion='Debian 4.4.5-8' --with-bugurl=file:///usr/share/doc/gcc-4.4/README.Bugs --enable-languages=c,c++,fortran,objc,obj-c++ --prefix=/usr --program-suffix=-4.4 --enable-shared --enable-multiarch --enable-linker-build-id --with-system-zlib --libexecdir=/usr/lib --without-included-gettext --enable-threads=posix --with-gxx-include-dir=/usr/include/c++/4.4 --libdir=/usr/lib --enable-nls --enable-clocale=gnu --enable-libstdcxx-debug --enable-objc-gc --disable-sjlj-exceptions --enable-checking=release --build=arm-linux-gnueabi --host=arm-linux-gnueabi --target=arm-linux-gnueabi
Thread model: posix
gcc version 4.4.5 (Debian 4.4.5-8) 
configure:2535: $? = 0
configure:2524: gcc -V >&5
gcc: '-V' option must have argument
configure:2535: $? = 1
configure:2524: gcc -qversion >&5
gcc: unrecognized option '-qversion'
gcc: no input files
configure:2535: $? = 1
configure:2555: checking whether the C compiler works
configure:2577: gcc  -Wall -Wno-parentheses -DPF_CAN=29 -DAF_CAN=PF_CAN   conftest.c  >&5
configure:2581: $? = 0
configure:2629: result: yes
configure:2632: checking for C compiler default output file name
configure:2634: result: a.out
configure:2640: checking for suffix of executables
configure:2647: gcc -o conftest  -Wall -Wno-parentheses -DPF_CAN=29 -DAF_CAN=PF_CAN   conftest.c  >&5
configure:2651: $? = 0
configure:2673: result: 
configure:2695: checking whether we are cross compiling
configure:2703: gcc -o conftest  -Wall -Wno-parentheses -DPF_CAN=29 -DAF_CAN=PF_CAN   conftest.c  >&5
configure:2707: $? = 0
configure:2714: ./conftest
configure:2718: $? = 0
configure:2733: result: no
configure:2738: checking for suffix of object files
configure:2760: gcc -c  -Wall -Wno-parentheses -DPF_CAN=29 -DAF_CAN=PF_CAN  conftest.c >&5
configure:2764: $? = 0
configure:2785: result: o
configure:2789: checking whether we are using the GNU C compiler
configure:2808: gcc -c  -Wall -Wno-parentheses -DPF_CAN=29 -DAF_CAN=PF_CAN  conftest.c >&5
configure:2808: $? = 0
configure:2817: result: yes
configure:2826: checking whether gcc accepts -g
configure:2846: gcc -c -g  conftest.c >&5
configure:2846: $? = 0
configure:2887: result: yes
configure:2904: checking for gcc option to accept ISO C89
configure:2967: gcc  -c  -Wall -Wno-parentheses -DPF_CAN=29 -DAF_CAN=PF_CAN  conftest.c >&5
configure:2967: $? = 0
configure:2980: result: none needed
configure:3002: checking for config_init in -lconfig
configure:3027: gcc -o conftest  -Wall -Wno-parentheses -DPF_CAN=29 -DAF_CAN=PF_CAN   conftest.c -lconfig -lconfig  >&5
configure:3027: $? = 0
configure:3036: result: yes
configure:3103: checking for gcc
configure:3130: result: gcc
configure:3359: checking for C compiler version
configure:3368: gcc --version >&5
gcc (Debian 4.4.5-8) 4.4.5
Copyright (C) 2010 Free Software Foundation, Inc.
This is free software; see the source for copying conditions.  There is NO
warranty; not even for MERCHANTABILITY or FITNESS FOR A PARTICULAR PURPOSE.

configure:3379: $? = 0
configure:3368: gcc -v >&5
Using built-in specs.
Target: arm-linux-gnueabi
Configured with: ../src/configure -v --with-pkgversion='Debian 4.4.5-8' --with-bugurl=file:///usr/share/doc/gcc-4.4/README.Bugs --enable-languages=c,c++,fortran,objc,obj-c++ --prefix=/usr --program-suffix=-4.4 --enable-shared --enable-multiarch --enable-linker-build-id --with-system-zlib --libexecdir=/usr/lib --without-included-gettext --enable-threads=posix --with-gxx-include-dir=/usr/include/c++/4.4 --libdir=/usr/lib --enable-nls --enable-clocale=gnu --enable-libstdcxx-debug --enable-objc-gc --disable-sjlj-exceptions --enable-checking=release --build=arm-linux-gnueabi --host=arm-linux-gnueabi --target=arm-linux-gnueabi
Thread model: posix
gcc version 4.4.5 (Debian 4.4.5-8) 
configure:3379: $? = 0
configure:3368: gcc -V >&5
gcc: '-V' option must have argument
configure:3379: $? = 1
configure:3368: gcc -qversion >&5
gcc: unrecognized option '-qversion'
gcc: no input files
configure:3379: $? = 1
configure:3383: checking whether we are using the GNU C compiler
configure:3411: result: yes
configure:3420: checking whether gcc accepts -g
configure:3481: result: yes
configure:3498: checking for gcc option to accept ISO C89
configure:3574: result: none needed
configure:3596: checking for pthread_create in -lpthread
configure:3621: gcc -o conftest  -Wall -Wno-parentheses -DPF_CAN=29 -DAF_CAN=PF_CAN   conftest.c -lpthread  -lconfig  >&5
configure:3621: $? = 0
configure:3630: result: yes
configure:3650: checking how to run the C preprocessor
configure:3681: gcc -E  conftest.c
configure:3681: $? = 0
configure:3695: gcc -E  conftest.c
conftest.c:11:28: error: ac_nonexistent.h: No such file or directory
configure:3695: $? = 1
configure: failed program was:
| /* confdefs.h */
| #define PACKAGE_NAME "socketcand"
| #define PACKAGE_TARNAME "socketcand"
| #define PACKAGE_VERSION "0.3.1"
| #define PACKAGE_STRING "socketcand 0.3.1"
| #define PACKAGE_BUGREPORT "https://github.com/dschanoeh/socketcand/issues"
| #define PACKAGE_URL ""
| #define HAVE_LIBCONFIG 1
| #define HAVE_LIBPTHREAD 1
| /* end confdefs.h.  */
| #include <ac_nonexistent.h>
configure:3720: result: gcc -E
configure:3740: gcc -E  conftest.c
configure:3740: $? = 0
configure:3754: gcc -E  conftest.c
conftest.c:11:28: error: ac_nonexistent.h: No such file or directory
configure:3754: $? = 1
configure: failed program was:
| /* confdefs.h */
| #define PACKAGE_NAME "socketcand"
| #define PACKAGE_TARNAME "socketcand"
| #define PACKAGE_VERSION "0.3.1"
| #define PACKAGE_STRING "socketcand 0.3.1"
| #define PACKAGE_BUGREPORT "https://github.com/dschanoeh/socketcand/issues"
| #define PACKAGE_URL ""
| #define HAVE_LIBCONFIG 1
| #define HAVE_LIBPTHREAD 1
| /* end confdefs.h.  */
| #include <ac_nonexistent.h>
configure:3783: checking for grep that handles long lines and -e
configure:3841: result: /bin/grep
configure:3846: checking for egrep
configure:3908: result: /bin/grep -E
configure:3913: checking for ANSI C header files
configure:3933: gcc -c  -Wall -Wno-parentheses -DPF_CAN=29 -DAF_CAN=PF_CAN  conftest.c >&5
configure:3933: $? = 0
configure:4006: gcc -o conftest  -Wall -Wno-parentheses -DPF_CAN=29 -DAF_CAN=PF_CAN   conftest.c -lpthread -lconfig  >&5
configure:4006: $? = 0
configure:4006: ./conftest
configure:4006: $? = 0
configure:4017: result: yes
configure:4030: checking for sys/types.h
configure:4030: gcc -c  -Wall -Wno-parentheses -DPF_CAN=29 -DAF_CAN=PF_CAN  conftest.c >&5
configure:4030: $? = 0
configure:4030: result: yes
configure:4030: checking for sys/stat.h
configure:4030: gcc -c  -Wall -Wno-parentheses -DPF_CAN=29 -DAF_CAN=PF_CAN  conftest.c >&5
configure:4030: $? = 0
configure:4030: result: yes
configure:4030: checking for stdlib.h
configure:4030: gcc -c  -Wall -Wno-parentheses -DPF_CAN=29 -DAF_CAN=PF_CAN  conftest.c >&5
configure:4030: $? = 0
configure:4030: result: yes
configure:4030: checking for string.h
configure:4030: gcc -c  -Wall -Wno-parentheses -DPF_CAN=29 -DAF_CAN=PF_CAN  conftest.c >&5
configure:4030: $? = 0
configure:4030: result: yes
configure:4030: checking for memory.h
configure:4030: gcc -c  -Wall -Wno-parentheses -DPF_CAN=29 -DAF_CAN=PF_CAN  conftest.c >&5
configure:4030: $? = 0
configure:4030: result: yes
configure:4030: checking for strings.h
configure:4030: gcc -c  -Wall -Wno-parentheses -DPF_CAN=29 -DAF_CAN=PF_CAN  conftest.c >&5
configure:4030: $? = 0
configure:4030: result: yes
configure:4030: checking for inttypes.h
configure:4030: gcc -c  -Wall -Wno-parentheses -DPF_CAN=29 -DAF_CAN=PF_CAN  conftest.c >&5
configure:4030: $? = 0
configure:4030: result: yes
configure:4030: checking for stdint.h
configure:4030: gcc -c  -Wall -Wno-parentheses -DPF_CAN=29 -DAF_CAN=PF_CAN  conftest.c >&5
configure:4030: $? = 0
configure:4030: result: yes
configure:4030: checking for unistd.h
configure:4030: gcc -c  -Wall -Wno-parentheses -DPF_CAN=29 -DAF_CAN=PF_CAN  conftest.c >&5
configure:4030: $? = 0
configure:4030: result: yes
configure:4045: checking arpa/inet.h usability
configure:4045: gcc -c  -Wall -Wno-parentheses -DPF_CAN=29 -DAF_CAN=PF_CAN  conftest.c >&5
configure:4045: $? = 0
configure:4045: result: yes
configure:4045: checking arpa/inet.h presence
configure:4045: gcc -E  conftest.c
configure:4045: $? = 0
configure:4045: result: yes
configure:4045: checking for arpa/inet.h
configure:4045: result: yes
configure:4045: checking netinet/in.h usability
configure:4045: gcc -c  -Wall -Wno-parentheses -DPF_CAN=29 -DAF_CAN=PF_CAN  conftest.c >&5
configure:4045: $? = 0
configure:4045: result: yes
configure:4045: checking netinet/in.h presence
configure:4045: gcc -E  conftest.c
configure:4045: $? = 0
configure:4045: result: yes
configure:4045: checking for netinet/in.h
configure:4045: result: yes
configure:4045: checking for stdlib.h
configure:4045: result: yes
configure:4045: checking for string.h
configure:4045: result: yes
configure:4045: checking sys/ioctl.h usability
configure:4045: gcc -c  -Wall -Wno-parentheses -DPF_CAN=29 -DAF_CAN=PF_CAN  conftest.c >&5
configure:4045: $? = 0
configure:4045: result: yes
configure:4045: checking sys/ioctl.h presence
configure:4045: gcc -E  conftest.c
configure:4045: $? = 0
configure:4045: result: yes
configure:4045: checking for sys/ioctl.h
configure:4045: result: yes
configure:4045: checking sys/socket.h usability
configure:4045: gcc -c  -Wall -Wno-parentheses -DPF_CAN=29 -DAF_CAN=PF_CAN  conftest.c >&5
configure:4045: $? = 0
configure:4045: result: yes
configure:4045: checking sys/socket.h presence
configure:4045: gcc -E  conftest.c
configure:4045: $? = 0
configure:4045: result: yes
configure:4045: checking for sys/socket.h
configure:4045: result: yes
configure:4045: checking sys/time.h usability
configure:4045: gcc -c  -Wall -Wno-parentheses -DPF_CAN=29 -DAF_CAN=PF_CAN  conftest.c >&5
configure:4045: $? = 0
configure:4045: result: yes
configure:4045: checking sys/time.h presence
configure:4045: gcc -E  conftest.c
configure:4045: $? = 0
configure:4045: result: yes
configure:4045: checking for sys/time.h
configure:4045: result: yes
configure:4045: checking syslog.h usability
configure:4045: gcc -c  -Wall -Wno-parentheses -DPF_CAN=29 -DAF_CAN=PF_CAN  conftest.c >&5
configure:4045: $? = 0
configure:4045: result: yes
configure:4045: checking syslog.h presence
configure:4045: gcc -E  conftest.c
configure:4045: $? = 0
configure:4045: result: yes
configure:4045: checking for syslog.h
configure:4045: result: yes
configure:4045: checking for unistd.h
configure:4045: result: yes
configure:4045: checking pthread.h usability
configure:4045: gcc -c  -Wall -Wno-parentheses -DPF_CAN=29 -DAF_CAN=PF_CAN  conftest.c >&5
configure:4045: $? = 0
configure:4045: result: yes
configure:4045: checking pthread.h presence
configure:4045: gcc -E  conftest.c
configure:4045: $? = 0
configure:4045: result: yes
configure:4045: checking for pthread.h
configure:4045: result: yes
configure:4059: checking for inline
configure:4075: gcc -c  -Wall -Wno-parentheses -DPF_CAN=29 -DAF_CAN=PF_CAN  conftest.c >&5
configure:4075: $? = 0
configure:4083: result: inline
configure:4101: checking for size_t
configure:4101: gcc -c  -Wall -Wno-parentheses -DPF_CAN=29 -DAF_CAN=PF_CAN  conftest.c >&5
configure:4101: $? = 0
configure:4101: gcc -c  -Wall -Wno-parentheses -DPF_CAN=29 -DAF_CAN=PF_CAN  conftest.c >&5
conftest.c: In function 'main':
conftest.c:67: error: expected expression before ')' token
configure:4101: $? = 1
configure: failed program was:
| /* confdefs.h */
| #define PACKAGE_NAME "socketcand"
| #define PACKAGE_TARNAME "socketcand"
| #define PACKAGE_VERSION "0.3.1"
| #define PACKAGE_STRING "socketcand 0.3.1"
| #define PACKAGE_BUGREPORT "https://github.com/dschanoeh/socketcand/issues"
| #define PACKAGE_URL ""
| #define HAVE_LIBCONFIG 1
| #define HAVE_LIBPTHREAD 1
| #define STDC_HEADERS 1
| #define HAVE_SYS_TYPES_H 1
| #define HAVE_SYS_STAT_H 1
| #define HAVE_STDLIB_H 1
| #define HAVE_STRING_H 1
| #define HAVE_MEMORY_H 1
| #define HAVE_STRINGS_H 1
| #define HAVE_INTTYPES_H 1
| #define HAVE_STDINT_H 1
| #define HAVE_UNISTD_H 1
| #define HAVE_ARPA_INET_H 1
| #define HAVE_NETINET_IN_H 1
| #define HAVE_STDLIB_H 1
| #define HAVE_STRING_H 1
| #define HAVE_SYS_IOCTL_H 1
| #define HAVE_SYS_SOCKET_H 1
| #define HAVE_SYS_TIME_H 1
| #define HAVE_SYSLOG_H 1
| #define HAVE_UNISTD_H 1
| #define HAVE_PTHREAD_H 1
| /* end confdefs.h.  */
| #include <stdio.h>
| #ifdef HAVE_SYS_TYPES_H
| # include <sys/types.h>
| #endif
| #ifdef HAVE_SYS_STAT_H
| # include <sys/stat.h>
| #endif
| #ifdef STDC_HEADERS
| # include <stdlib.h>
| # include <stddef.h>
| #else
| # ifdef HAVE_STDLIB_H
| #  include <stdlib.h>
| # endif
| #endif
| #ifdef HAVE_STRING_H
| # if !defined STDC_HEADERS && defined HAVE_MEMORY_H
| #  include <memory.h>
| # endif
| # include <string.h>
| #endif
| #ifdef HAVE_STRINGS_H
| # include <strings.h>
| #endif
| #ifdef HAVE_INTTYPES_H
| # include <inttypes.h>
| #endif
| #ifdef HAVE_STDINT_H
| # include <stdint.h>
| #endif
| #ifdef HAVE_UNISTD_H
| # include <unistd.h>
| #endif
| int
| main ()
| {
| if (sizeof ((size_t)))
| 	    return 0;
|   ;
|   return 0;
| }
configure:4101: result: yes
configure:4114: checking for pid_t
configure:4114: gcc -c  -Wall -Wno-parentheses -DPF_CAN=29 -DAF_CAN=PF_CAN  conftest.c >&5
configure:4114: $? = 0
configure:4114: gcc -c  -Wall -Wno-parentheses -DPF_CAN=29 -DAF_CAN=PF_CAN  conftest.c >&5
conftest.c: In function 'main':
conftest.c:67: error: expected expression before ')' token
configure:4114: $? = 1
configure: failed program was:
| /* confdefs.h */
| #define PACKAGE_NAME "socketcand"
| #define PACKAGE_TARNAME "socketcand"
| #define PACKAGE_VERSION "0.3.1"
| #define PACKAGE_STRING "socketcand 0.3.1"
| #define PACKAGE_BUGREPORT "https://github.com/dschanoeh/socketcand/issues"
| #define PACKAGE_URL ""
| #define HAVE_LIBCONFIG 1
| #define HAVE_LIBPTHREAD 1
| #define STDC_HEADERS 1
| #define HAVE_SYS_TYPES_H 1
| #define HAVE_SYS_STAT_H 1
| #define HAVE_STDLIB_H 1
| #define HAVE_STRING_H 1
| #define HAVE_MEMORY_H 1
| #define HAVE_STRINGS_H 1
| #define HAVE_INTTYPES_H 1
| #define HAVE_STDINT_H 1
| #define HAVE_UNISTD_H 1
| #define HAVE_ARPA_INET_H 1
| #define HAVE_NETINET_IN_H 1
| #define HAVE_STDLIB_H 1
| #define HAVE_STRING_H 1
| #define HAVE_SYS_IOCTL_H 1
| #define HAVE_SYS_SOCKET_H 1
| #define HAVE_SYS_TIME_H 1
| #define HAVE_SYSLOG_H 1
| #define HAVE_UNISTD_H 1
| #define HAVE_PTHREAD_H 1
| /* end confdefs.h.  */
| #include <stdio.h>
| #ifdef HAVE_SYS_TYPES_H
| # include <sys/types.h>
| #endif
| #ifdef HAVE_SYS_STAT_H
| # include <sys/stat.h>
| #endif
| #ifdef STDC_HEADERS
| # include <stdlib.h>
| # include <stddef.h>
| #else
| # ifdef HAVE_STDLIB_H
| #  include <stdlib.h>
| # endif
| #endif
| #ifdef HAVE_STRING_H
| # if !defined STDC_HEADERS && defined HAVE_MEMORY_H
| #  include <memory.h>
| # endif
| # include <string.h>
| #endif
| #ifdef HAVE_STRINGS_H
| # include <strings.h>
| #endif
| #ifdef HAVE_INTTYPES_H
| # include <inttypes.h>
| #endif
| #ifdef HAVE_STDINT_H
| # include <stdint.h>
| #endif
| #ifdef HAVE_UNISTD_H
| # include <unistd.h>
| #endif
| int
| main ()
| {
| if (sizeof ((pid_t)))
| 	    return 0;
|   ;
|   return 0;
| }
configure:4114: result: yes
configure:4127: checking vfork.h usability
configure:4127: gcc -c  -Wall -Wno-parentheses -DPF_CAN=29 -DAF_CAN=PF_CAN  conftest.c >&5
conftest.c:64:19: error: vfork.h: No such file or directory
configure:4127: $? = 1
configure: failed program was:
| /* confdefs.h */
| #define PACKAGE_NAME "socketcand"
| #define PACKAGE_TARNAME "socketcand"
| #define PACKAGE_VERSION "0.3.1"
| #define PACKAGE_STRING "socketcand 0.3.1"
| #define PACKAGE_BUGREPORT "https://github.com/dschanoeh/socketcand/issues"
| #define PACKAGE_URL ""
| #define HAVE_LIBCONFIG 1
| #define HAVE_LIBPTHREAD 1
| #define STDC_HEADERS 1
| #define HAVE_SYS_TYPES_H 1
| #define HAVE_SYS_STAT_H 1
| #define HAVE_STDLIB_H 1
| #define HAVE_STRING_H 1
| #define HAVE_MEMORY_H 1
| #define HAVE_STRINGS_H 1
| #define HAVE_INTTYPES_H 1
| #define HAVE_STDINT_H 1
| #define HAVE_UNISTD_H 1
| #define HAVE_ARPA_INET_H 1
| #define HAVE_NETINET_IN_H 1
| #define HAVE_STDLIB_H 1
| #define HAVE_STRING_H 1
| #define HAVE_SYS_IOCTL_H 1
| #define HAVE_SYS_SOCKET_H 1
| #define HAVE_SYS_TIME_H 1
| #define HAVE_SYSLOG_H 1
| #define HAVE_UNISTD_H 1
| #define HAVE_PTHREAD_H 1
| /* end confdefs.h.  */
| #include <stdio.h>
| #ifdef HAVE_SYS_TYPES_H
| # include <sys/types.h>
| #endif
| #ifdef HAVE_SYS_STAT_H
| # include <sys/stat.h>
| #endif
| #ifdef STDC_HEADERS
| # include <stdlib.h>
| # include <stddef.h>
| #else
| # ifdef HAVE_STDLIB_H
| #  include <stdlib.h>
| # endif
| #endif
| #ifdef HAVE_STRING_H
| # if !defined STDC_HEADERS && defined HAVE_MEMORY_H
| #  include <memory.h>
| # endif
| # include <string.h>
| #endif
| #ifdef HAVE_STRINGS_H
| # include <strings.h>
| #endif
| #ifdef HAVE_INTTYPES_H
| # include <inttypes.h>
| #endif
| #ifdef HAVE_STDINT_H
| # include <stdint.h>
| #endif
| #ifdef HAVE_UNISTD_H
| # include <unistd.h>
| #endif
| #include <vfork.h>
configure:4127: result: no
configure:4127: checking vfork.h presence
configure:4127: gcc -E  conftest.c
conftest.c:31:19: error: vfork.h: No such file or directory
configure:4127: $? = 1
configure: failed program was:
| /* confdefs.h */
| #define PACKAGE_NAME "socketcand"
| #define PACKAGE_TARNAME "socketcand"
| #define PACKAGE_VERSION "0.3.1"
| #define PACKAGE_STRING "socketcand 0.3.1"
| #define PACKAGE_BUGREPORT "https://github.com/dschanoeh/socketcand/issues"
| #define PACKAGE_URL ""
| #define HAVE_LIBCONFIG 1
| #define HAVE_LIBPTHREAD 1
| #define STDC_HEADERS 1
| #define HAVE_SYS_TYPES_H 1
| #define HAVE_SYS_STAT_H 1
| #define HAVE_STDLIB_H 1
| #define HAVE_STRING_H 1
| #define HAVE_MEMORY_H 1
| #define HAVE_STRINGS_H 1
| #define HAVE_INTTYPES_H 1
| #define HAVE_STDINT_H 1
| #define HAVE_UNISTD_H 1
| #define HAVE_ARPA_INET_H 1
| #define HAVE_NETINET_IN_H 1
| #define HAVE_STDLIB_H 1
| #define HAVE_STRING_H 1
| #define HAVE_SYS_IOCTL_H 1
| #define HAVE_SYS_SOCKET_H 1
| #define HAVE_SYS_TIME_H 1
| #define HAVE_SYSLOG_H 1
| #define HAVE_UNISTD_H 1
| #define HAVE_PTHREAD_H 1
| /* end confdefs.h.  */
| #include <vfork.h>
configure:4127: result: no
configure:4127: checking for vfork.h
configure:4127: result: no
configure:4140: checking for fork
configure:4140: gcc -o conftest  -Wall -Wno-parentheses -DPF_CAN=29 -DAF_CAN=PF_CAN   conftest.c -lpthread -lconfig  >&5
conftest.c:54: warning: conflicting types for built-in function 'fork'
configure:4140: $? = 0
configure:4140: result: yes
configure:4140: checking for vfork
configure:4140: gcc -o conftest  -Wall -Wno-parentheses -DPF_CAN=29 -DAF_CAN=PF_CAN   conftest.c -lpthread -lconfig  >&5
configure:4140: $? = 0
configure:4140: result: yes
configure:4150: checking for working fork
configure:4172: gcc -o conftest  -Wall -Wno-parentheses -DPF_CAN=29 -DAF_CAN=PF_CAN   conftest.c -lpthread -lconfig  >&5
configure:4172: $? = 0
configure:4172: ./conftest
configure:4172: $? = 0
configure:4182: result: yes
configure:4203: checking for working vfork
configure:4313: result: yes
configure:4341: checking for gethostname
configure:4341: gcc -o conftest  -Wall -Wno-parentheses -DPF_CAN=29 -DAF_CAN=PF_CAN   conftest.c -lpthread -lconfig  >&5
configure:4341: $? = 0
configure:4341: result: yes
configure:4341: checking for gettimeofday
configure:4341: gcc -o conftest  -Wall -Wno-parentheses -DPF_CAN=29 -DAF_CAN=PF_CAN   conftest.c -lpthread -lconfig  >&5
configure:4341: $? = 0
configure:4341: result: yes
configure:4341: checking for inet_ntoa
configure:4341: gcc -o conftest  -Wall -Wno-parentheses -DPF_CAN=29 -DAF_CAN=PF_CAN   conftest.c -lpthread -lconfig  >&5
configure:4341: $? = 0
configure:4341: result: yes
configure:4341: checking for memset
configure:4341: gcc -o conftest  -Wall -Wno-parentheses -DPF_CAN=29 -DAF_CAN=PF_CAN   conftest.c -lpthread -lconfig  >&5
conftest.c:61: warning: conflicting types for built-in function 'memset'
configure:4341: $? = 0
configure:4341: result: yes
configure:4341: checking for select
configure:4341: gcc -o conftest  -Wall -Wno-parentheses -DPF_CAN=29 -DAF_CAN=PF_CAN   conftest.c -lpthread -lconfig  >&5
configure:4341: $? = 0
configure:4341: result: yes
configure:4341: checking for socket
configure:4341: gcc -o conftest  -Wall -Wno-parentheses -DPF_CAN=29 -DAF_CAN=PF_CAN   conftest.c -lpthread -lconfig  >&5
configure:4341: $? = 0
configure:4341: result: yes
configure:4341: checking for strerror
configure:4341: gcc -o conftest  -Wall -Wno-parentheses -DPF_CAN=29 -DAF_CAN=PF_CAN   conftest.c -lpthread -lconfig  >&5
configure:4341: $? = 0
configure:4341: result: yes
configure:4471: creating ./config.status

## ---------------------- ##
## Running config.status. ##
## ---------------------- ##

This file was extended by socketcand config.status 0.3.1, which was
generated by GNU Autoconf 2.69.  Invocation command line was

  CONFIG_FILES    = 
  CONFIG_HEADERS  = 
  CONFIG_LINKS    = 
  CONFIG_COMMANDS = 
  $ ./config.status 

on debian-armel

config.status:825: creating Makefile
config.status:825: creating debian_pack
config.status:825: creating init.d/socketcand
config.status:825: creating config.h

## ---------------- ##
## Cache variables. ##
## ---------------- ##

ac_cv_c_compiler_gnu=yes
ac_cv_c_inline=inline
ac_cv_env_CC_set=
ac_cv_env_CC_value=
ac_cv_env_CFLAGS_set=
ac_cv_env_CFLAGS_value=
ac_cv_env_CPPFLAGS_set=
ac_cv_env_CPPFLAGS_value=
ac_cv_env_CPP_set=
ac_cv_env_CPP_value=
ac_cv_env_LDFLAGS_set=
ac_cv_env_LDFLAGS_value=
ac_cv_env_LIBS_set=
ac_cv_env_LIBS_value=
ac_cv_env_build_alias_set=
ac_cv_env_build_alias_value=
ac_cv_env_host_alias_set=
ac_cv_env_host_alias_value=
ac_cv_env_target_alias_set=
ac_cv_env_target_alias_value=
ac_cv_func_fork=yes
ac_cv_func_fork_works=yes
ac_cv_func_gethostname=yes
ac_cv_func_gettimeofday=yes
ac_cv_func_inet_ntoa=yes
ac_cv_func_memset=yes
ac_cv_func_select=yes
ac_cv_func_socket=yes
ac_cv_func_strerror=yes
ac_cv_func_vfork=yes
ac_cv_func_vfork_works=yes
ac_cv_header_arpa_inet_h=yes
ac_cv_header_inttypes_h=yes
ac_cv_header_memory_h=yes
ac_cv_header_netinet_in_h=yes
ac_cv_header_pthread_h=yes
ac_cv_header_stdc=yes
ac_cv_header_stdint_h=yes
ac_cv_header_stdlib_h=yes
ac_cv_header_string_h=yes
ac_cv_header_strings_h=yes
ac_cv_header_sys_ioctl_h=yes
ac_cv_header_sys_socket_h=yes
ac_cv_header_sys_stat_h=yes
ac_cv_header_sys_time_h=yes
ac_cv_header_sys_types_h=yes
ac_cv_header_syslog_h=yes
ac_cv_header_unistd_h=yes
ac_cv_header_vfork_h=no
ac_cv_lib_config_config_init=yes
ac_cv_lib_pthread_pthread_create=yes
ac_cv_objext=o
ac_cv_path_EGREP='/bin/grep -E'
ac_cv_path_GREP=/bin/grep
ac_cv_prog_CPP='gcc -E'
ac_cv_prog_ac_ct_CC=gcc
ac_cv_prog_cc_c89=
ac_cv_prog_cc_g=yes
ac_cv_type_pid_t=yes
ac_cv_type_size_t=yes

## ----------------- ##
## Output variables. ##
## ----------------- ##

CC='gcc'
CFLAGS=' -Wall -Wno-parentheses -DPF_CAN=29 -DAF_CAN=PF_CAN'
CPP='gcc -E'
CPPFLAGS=''
DEFS='-DHAVE_CONFIG_H'
ECHO_C=''
ECHO_N='-n'
ECHO_T=''
EGREP='/bin/grep -E'
EXEEXT=''
GREP='/bin/grep'
LDFLAGS=''
LIBOBJS=''
LIBS='-lpthread -lconfig '
LTLIBOBJS=''
OBJEXT='o'
PACKAGE_BUGREPORT='https://github.com/dschanoeh/socketcand/issues'
PACKAGE_NAME='socketcand'
PACKAGE_STRING='socketcand 0.3.1'
PACKAGE_TARNAME='socketcand'
PACKAGE_URL=''
PACKAGE_VERSION='0.3.1'
PATH_SEPARATOR=':'
SHELL='/bin/bash'
ac_ct_CC='gcc'
bindir='${exec_prefix}/bin'
build_alias=''
datadir='${datarootdir}'
datarootdir='${prefix}/share'
docdir='${datarootdir}/doc/${PACKAGE_TARNAME}'
dvidir='${docdir}'
exec_prefix='${prefix}'
host_alias=''
htmldir='${docdir}'
includedir='${prefix}/include'
infodir='${datarootdir}/info'
init_script='yes'
libdir='${exec_prefix}/lib'
libexecdir='${exec_prefix}/libexec'
localedir='${datarootdir}/locale'
localstatedir='${prefix}/var'
mandir='${datarootdir}/man'
oldincludedir='/usr/include'
pdfdir='${docdir}'
prefix='/usr/local'
program_transform_name='s,x,x,'
psdir='${docdir}'
rc_script='no'
sbindir='${exec_prefix}/sbin'
sharedstatedir='${prefix}/com'
sysconfdir='${prefix}/etc'
sysroot=''
target_alias=''

## ----------- ##
## confdefs.h. ##
## ----------- ##

/* confdefs.h */
#define PACKAGE_NAME "socketcand"
#define PACKAGE_TARNAME "socketcand"
#define PACKAGE_VERSION "0.3.1"
#define PACKAGE_STRING "socketcand 0.3.1"
#define PACKAGE_BUGREPORT "https://github.com/dschanoeh/socketcand/issues"
#define PACKAGE_URL ""
#define HAVE_LIBCONFIG 1
#define HAVE_LIBPTHREAD 1
#define STDC_HEADERS 1
#define HAVE_SYS_TYPES_H 1
#define HAVE_SYS_STAT_H 1
#define HAVE_STDLIB_H 1
#define HAVE_STRING_H 1
#define HAVE_MEMORY_H 1
#define HAVE_STRINGS_H 1
#define HAVE_INTTYPES_H 1
#define HAVE_STDINT_H 1
#define HAVE_UNISTD_H 1
#define HAVE_ARPA_INET_H 1
#define HAVE_NETINET_IN_H 1
#define HAVE_STDLIB_H 1
#define HAVE_STRING_H 1
#define HAVE_SYS_IOCTL_H 1
#define HAVE_SYS_SOCKET_H 1
#define HAVE_SYS_TIME_H 1
#define HAVE_SYSLOG_H 1
#define HAVE_UNISTD_H 1
#define HAVE_PTHREAD_H 1
#define HAVE_FORK 1
#define HAVE_VFORK 1
#define HAVE_WORKING_VFORK 1
#define HAVE_WORKING_FORK 1
#define HAVE_GETHOSTNAME 1
#define HAVE_GETTIMEOFDAY 1
#define HAVE_INET_NTOA 1
#define HAVE_MEMSET 1
#define HAVE_SELECT 1
#define HAVE_SOCKET 1
#define HAVE_STRERROR 1

configure: exit 0
